[24-Nov-2022 02:47:47 UTC] PHP Warning:  Undefined array key "permUser" in C:\inetpub\wwwroot\novofrcontroller\views\listas\tabelaPromo.php on line 4
[24-Nov-2022 02:47:47 UTC] PHP Warning:  Undefined array key "empresa" in C:\inetpub\wwwroot\novofrcontroller\views\listas\tabelaPromo.php on line 5
[24-Nov-2022 23:44:07 UTC] PHP Warning:  Undefined array key "permUser" in C:\inetpub\wwwroot\novofrcontroller\views\listas\tabelaProdutos.php on line 4
[24-Nov-2022 23:44:07 UTC] PHP Warning:  Undefined array key "empresa" in C:\inetpub\wwwroot\novofrcontroller\views\listas\tabelaProdutos.php on line 5
[24-Nov-2022 23:44:11 UTC] PHP Warning:  Undefined array key "permUser" in C:\inetpub\wwwroot\novofrcontroller\views\listas\tabelaProdutos.php on line 4
[24-Nov-2022 23:44:11 UTC] PHP Warning:  Undefined array key "empresa" in C:\inetpub\wwwroot\novofrcontroller\views\listas\tabelaProdutos.php on line 5
[24-Nov-2022 23:44:14 UTC] PHP Warning:  Undefined array key "permUser" in C:\inetpub\wwwroot\novofrcontroller\views\listas\tabelaProdutos.php on line 4
[24-Nov-2022 23:44:14 UTC] PHP Warning:  Undefined array key "empresa" in C:\inetpub\wwwroot\novofrcontroller\views\listas\tabelaProdutos.php on line 5
[25-Nov-2022 01:27:34 UTC] PHP Fatal error:  Uncaught mysqli_sql_exception: Table 'frcontroller.contas' doesn't exist in C:\inetpub\wwwroot\novofrcontroller\processamento\class_Processamento.php:1042
Stack trace:
#0 C:\inetpub\wwwroot\novofrcontroller\processamento\class_Processamento.php(1042): mysqli_query(Object(mysqli), 'SELECT contapag...')
#1 C:\inetpub\wwwroot\novofrcontroller\views\listas\tabelaContasPagar.php(7): Financeiro::listarPagar('2')
#2 {main}
  thrown in C:\inetpub\wwwroot\novofrcontroller\processamento\class_Processamento.php on line 1042
[25-Nov-2022 01:36:10 UTC] PHP Fatal error:  Uncaught mysqli_sql_exception: Table 'frcontroller.contas' doesn't exist in C:\inetpub\wwwroot\novofrcontroller\processamento\class_Processamento.php:1042
Stack trace:
#0 C:\inetpub\wwwroot\novofrcontroller\processamento\class_Processamento.php(1042): mysqli_query(Object(mysqli), 'SELECT contapag...')
#1 C:\inetpub\wwwroot\novofrcontroller\views\listas\tabelaContasPagar.php(7): Financeiro::listarPagar('2')
#2 {main}
  thrown in C:\inetpub\wwwroot\novofrcontroller\processamento\class_Processamento.php on line 1042
[25-Nov-2022 01:36:16 UTC] PHP Fatal error:  Uncaught mysqli_sql_exception: Table 'frcontroller.contas' doesn't exist in C:\inetpub\wwwroot\novofrcontroller\processamento\class_Processamento.php:1042
Stack trace:
#0 C:\inetpub\wwwroot\novofrcontroller\processamento\class_Processamento.php(1042): mysqli_query(Object(mysqli), 'SELECT contapag...')
#1 C:\inetpub\wwwroot\novofrcontroller\views\listas\tabelaContasPagar.php(7): Financeiro::listarPagar('2')
#2 {main}
  thrown in C:\inetpub\wwwroot\novofrcontroller\processamento\class_Processamento.php on line 1042
[25-Nov-2022 01:36:19 UTC] PHP Fatal error:  Uncaught mysqli_sql_exception: Table 'frcontroller.contas' doesn't exist in C:\inetpub\wwwroot\novofrcontroller\processamento\class_Processamento.php:1042
Stack trace:
#0 C:\inetpub\wwwroot\novofrcontroller\processamento\class_Processamento.php(1042): mysqli_query(Object(mysqli), 'SELECT contapag...')
#1 C:\inetpub\wwwroot\novofrcontroller\views\listas\tabelaContasPagar.php(7): Financeiro::listarPagar('2')
#2 {main}
  thrown in C:\inetpub\wwwroot\novofrcontroller\processamento\class_Processamento.php on line 1042
[25-Nov-2022 01:36:22 UTC] PHP Fatal error:  Uncaught mysqli_sql_exception: Table 'frcontroller.contas' doesn't exist in C:\inetpub\wwwroot\novofrcontroller\processamento\class_Processamento.php:1042
Stack trace:
#0 C:\inetpub\wwwroot\novofrcontroller\processamento\class_Processamento.php(1042): mysqli_query(Object(mysqli), 'SELECT contapag...')
#1 C:\inetpub\wwwroot\novofrcontroller\views\listas\tabelaContasPagar.php(7): Financeiro::listarPagar('2')
#2 {main}
  thrown in C:\inetpub\wwwroot\novofrcontroller\processamento\class_Processamento.php on line 1042
[25-Nov-2022 01:36:25 UTC] PHP Fatal error:  Uncaught mysqli_sql_exception: Table 'frcontroller.contas' doesn't exist in C:\inetpub\wwwroot\novofrcontroller\processamento\class_Processamento.php:1042
Stack trace:
#0 C:\inetpub\wwwroot\novofrcontroller\processamento\class_Processamento.php(1042): mysqli_query(Object(mysqli), 'SELECT contapag...')
#1 C:\inetpub\wwwroot\novofrcontroller\views\listas\tabelaContasPagar.php(7): Financeiro::listarPagar('2')
#2 {main}
  thrown in C:\inetpub\wwwroot\novofrcontroller\processamento\class_Processamento.php on line 1042
[25-Nov-2022 01:36:28 UTC] PHP Fatal error:  Uncaught mysqli_sql_exception: Table 'frcontroller.contas' doesn't exist in C:\inetpub\wwwroot\novofrcontroller\processamento\class_Processamento.php:1042
Stack trace:
#0 C:\inetpub\wwwroot\novofrcontroller\processamento\class_Processamento.php(1042): mysqli_query(Object(mysqli), 'SELECT contapag...')
#1 C:\inetpub\wwwroot\novofrcontroller\views\listas\tabelaContasPagar.php(7): Financeiro::listarPagar('2')
#2 {main}
  thrown in C:\inetpub\wwwroot\novofrcontroller\processamento\class_Processamento.php on line 1042
[25-Nov-2022 01:36:31 UTC] PHP Fatal error:  Uncaught mysqli_sql_exception: Table 'frcontroller.contas' doesn't exist in C:\inetpub\wwwroot\novofrcontroller\processamento\class_Processamento.php:1042
Stack trace:
#0 C:\inetpub\wwwroot\novofrcontroller\processamento\class_Processamento.php(1042): mysqli_query(Object(mysqli), 'SELECT contapag...')
#1 C:\inetpub\wwwroot\novofrcontroller\views\listas\tabelaContasPagar.php(7): Financeiro::listarPagar('2')
#2 {main}
  thrown in C:\inetpub\wwwroot\novofrcontroller\processamento\class_Processamento.php on line 1042
[25-Nov-2022 01:36:34 UTC] PHP Fatal error:  Uncaught mysqli_sql_exception: Table 'frcontroller.contas' doesn't exist in C:\inetpub\wwwroot\novofrcontroller\processamento\class_Processamento.php:1042
Stack trace:
#0 C:\inetpub\wwwroot\novofrcontroller\processamento\class_Processamento.php(1042): mysqli_query(Object(mysqli), 'SELECT contapag...')
#1 C:\inetpub\wwwroot\novofrcontroller\views\listas\tabelaContasPagar.php(7): Financeiro::listarPagar('2')
#2 {main}
  thrown in C:\inetpub\wwwroot\novofrcontroller\processamento\class_Processamento.php on line 1042
[25-Nov-2022 01:36:37 UTC] PHP Fatal error:  Uncaught mysqli_sql_exception: Table 'frcontroller.contas' doesn't exist in C:\inetpub\wwwroot\novofrcontroller\processamento\class_Processamento.php:1042
Stack trace:
#0 C:\inetpub\wwwroot\novofrcontroller\processamento\class_Processamento.php(1042): mysqli_query(Object(mysqli), 'SELECT contapag...')
#1 C:\inetpub\wwwroot\novofrcontroller\views\listas\tabelaContasPagar.php(7): Financeiro::listarPagar('2')
#2 {main}
  thrown in C:\inetpub\wwwroot\novofrcontroller\processamento\class_Processamento.php on line 1042
[25-Nov-2022 01:36:40 UTC] PHP Fatal error:  Uncaught mysqli_sql_exception: Table 'frcontroller.contas' doesn't exist in C:\inetpub\wwwroot\novofrcontroller\processamento\class_Processamento.php:1042
Stack trace:
#0 C:\inetpub\wwwroot\novofrcontroller\processamento\class_Processamento.php(1042): mysqli_query(Object(mysqli), 'SELECT contapag...')
#1 C:\inetpub\wwwroot\novofrcontroller\views\listas\tabelaContasPagar.php(7): Financeiro::listarPagar('2')
#2 {main}
  thrown in C:\inetpub\wwwroot\novofrcontroller\processamento\class_Processamento.php on line 1042
[25-Nov-2022 01:36:43 UTC] PHP Fatal error:  Uncaught mysqli_sql_exception: Table 'frcontroller.contas' doesn't exist in C:\inetpub\wwwroot\novofrcontroller\processamento\class_Processamento.php:1042
Stack trace:
#0 C:\inetpub\wwwroot\novofrcontroller\processamento\class_Processamento.php(1042): mysqli_query(Object(mysqli), 'SELECT contapag...')
#1 C:\inetpub\wwwroot\novofrcontroller\views\listas\tabelaContasPagar.php(7): Financeiro::listarPagar('2')
#2 {main}
  thrown in C:\inetpub\wwwroot\novofrcontroller\processamento\class_Processamento.php on line 1042
[25-Nov-2022 01:36:46 UTC] PHP Fatal error:  Uncaught mysqli_sql_exception: Table 'frcontroller.contas' doesn't exist in C:\inetpub\wwwroot\novofrcontroller\processamento\class_Processamento.php:1042
Stack trace:
#0 C:\inetpub\wwwroot\novofrcontroller\processamento\class_Processamento.php(1042): mysqli_query(Object(mysqli), 'SELECT contapag...')
#1 C:\inetpub\wwwroot\novofrcontroller\views\listas\tabelaContasPagar.php(7): Financeiro::listarPagar('2')
#2 {main}
  thrown in C:\inetpub\wwwroot\novofrcontroller\processamento\class_Processamento.php on line 1042
[25-Nov-2022 01:36:49 UTC] PHP Fatal error:  Uncaught mysqli_sql_exception: Table 'frcontroller.contas' doesn't exist in C:\inetpub\wwwroot\novofrcontroller\processamento\class_Processamento.php:1042
Stack trace:
#0 C:\inetpub\wwwroot\novofrcontroller\processamento\class_Processamento.php(1042): mysqli_query(Object(mysqli), 'SELECT contapag...')
#1 C:\inetpub\wwwroot\novofrcontroller\views\listas\tabelaContasPagar.php(7): Financeiro::listarPagar('2')
#2 {main}
  thrown in C:\inetpub\wwwroot\novofrcontroller\processamento\class_Processamento.php on line 1042
[25-Nov-2022 01:36:52 UTC] PHP Fatal error:  Uncaught mysqli_sql_exception: Table 'frcontroller.contas' doesn't exist in C:\inetpub\wwwroot\novofrcontroller\processamento\class_Processamento.php:1042
Stack trace:
#0 C:\inetpub\wwwroot\novofrcontroller\processamento\class_Processamento.php(1042): mysqli_query(Object(mysqli), 'SELECT contapag...')
#1 C:\inetpub\wwwroot\novofrcontroller\views\listas\tabelaContasPagar.php(7): Financeiro::listarPagar('2')
#2 {main}
  thrown in C:\inetpub\wwwroot\novofrcontroller\processamento\class_Processamento.php on line 1042
[25-Nov-2022 01:36:55 UTC] PHP Fatal error:  Uncaught mysqli_sql_exception: Table 'frcontroller.contas' doesn't exist in C:\inetpub\wwwroot\novofrcontroller\processamento\class_Processamento.php:1042
Stack trace:
#0 C:\inetpub\wwwroot\novofrcontroller\processamento\class_Processamento.php(1042): mysqli_query(Object(mysqli), 'SELECT contapag...')
#1 C:\inetpub\wwwroot\novofrcontroller\views\listas\tabelaContasPagar.php(7): Financeiro::listarPagar('2')
#2 {main}
  thrown in C:\inetpub\wwwroot\novofrcontroller\processamento\class_Processamento.php on line 1042
[25-Nov-2022 01:36:58 UTC] PHP Fatal error:  Uncaught mysqli_sql_exception: Table 'frcontroller.contas' doesn't exist in C:\inetpub\wwwroot\novofrcontroller\processamento\class_Processamento.php:1042
Stack trace:
#0 C:\inetpub\wwwroot\novofrcontroller\processamento\class_Processamento.php(1042): mysqli_query(Object(mysqli), 'SELECT contapag...')
#1 C:\inetpub\wwwroot\novofrcontroller\views\listas\tabelaContasPagar.php(7): Financeiro::listarPagar('2')
#2 {main}
  thrown in C:\inetpub\wwwroot\novofrcontroller\processamento\class_Processamento.php on line 1042
[25-Nov-2022 01:37:01 UTC] PHP Fatal error:  Uncaught mysqli_sql_exception: Table 'frcontroller.contas' doesn't exist in C:\inetpub\wwwroot\novofrcontroller\processamento\class_Processamento.php:1042
Stack trace:
#0 C:\inetpub\wwwroot\novofrcontroller\processamento\class_Processamento.php(1042): mysqli_query(Object(mysqli), 'SELECT contapag...')
#1 C:\inetpub\wwwroot\novofrcontroller\views\listas\tabelaContasPagar.php(7): Financeiro::listarPagar('2')
#2 {main}
  thrown in C:\inetpub\wwwroot\novofrcontroller\processamento\class_Processamento.php on line 1042
[25-Nov-2022 01:37:04 UTC] PHP Fatal error:  Uncaught mysqli_sql_exception: Table 'frcontroller.contas' doesn't exist in C:\inetpub\wwwroot\novofrcontroller\processamento\class_Processamento.php:1042
Stack trace:
#0 C:\inetpub\wwwroot\novofrcontroller\processamento\class_Processamento.php(1042): mysqli_query(Object(mysqli), 'SELECT contapag...')
#1 C:\inetpub\wwwroot\novofrcontroller\views\listas\tabelaContasPagar.php(7): Financeiro::listarPagar('2')
#2 {main}
  thrown in C:\inetpub\wwwroot\novofrcontroller\processamento\class_Processamento.php on line 1042
[25-Nov-2022 01:37:07 UTC] PHP Fatal error:  Uncaught mysqli_sql_exception: Table 'frcontroller.contas' doesn't exist in C:\inetpub\wwwroot\novofrcontroller\processamento\class_Processamento.php:1042
Stack trace:
#0 C:\inetpub\wwwroot\novofrcontroller\processamento\class_Processamento.php(1042): mysqli_query(Object(mysqli), 'SELECT contapag...')
#1 C:\inetpub\wwwroot\novofrcontroller\views\listas\tabelaContasPagar.php(7): Financeiro::listarPagar('2')
#2 {main}
  thrown in C:\inetpub\wwwroot\novofrcontroller\processamento\class_Processamento.php on line 1042
[25-Nov-2022 01:37:10 UTC] PHP Fatal error:  Uncaught mysqli_sql_exception: Table 'frcontroller.contas' doesn't exist in C:\inetpub\wwwroot\novofrcontroller\processamento\class_Processamento.php:1042
Stack trace:
#0 C:\inetpub\wwwroot\novofrcontroller\processamento\class_Processamento.php(1042): mysqli_query(Object(mysqli), 'SELECT contapag...')
#1 C:\inetpub\wwwroot\novofrcontroller\views\listas\tabelaContasPagar.php(7): Financeiro::listarPagar('2')
#2 {main}
  thrown in C:\inetpub\wwwroot\novofrcontroller\processamento\class_Processamento.php on line 1042
[25-Nov-2022 01:37:13 UTC] PHP Fatal error:  Uncaught mysqli_sql_exception: Table 'frcontroller.contas' doesn't exist in C:\inetpub\wwwroot\novofrcontroller\processamento\class_Processamento.php:1042
Stack trace:
#0 C:\inetpub\wwwroot\novofrcontroller\processamento\class_Processamento.php(1042): mysqli_query(Object(mysqli), 'SELECT contapag...')
#1 C:\inetpub\wwwroot\novofrcontroller\views\listas\tabelaContasPagar.php(7): Financeiro::listarPagar('2')
#2 {main}
  thrown in C:\inetpub\wwwroot\novofrcontroller\processamento\class_Processamento.php on line 1042
[25-Nov-2022 01:37:15 UTC] PHP Fatal error:  Uncaught mysqli_sql_exception: Table 'frcontroller.contas' doesn't exist in C:\inetpub\wwwroot\novofrcontroller\processamento\class_Processamento.php:1042
Stack trace:
#0 C:\inetpub\wwwroot\novofrcontroller\processamento\class_Processamento.php(1042): mysqli_query(Object(mysqli), 'SELECT contapag...')
#1 C:\inetpub\wwwroot\novofrcontroller\views\listas\tabelaContasPagar.php(7): Financeiro::listarPagar('2')
#2 {main}
  thrown in C:\inetpub\wwwroot\novofrcontroller\processamento\class_Processamento.php on line 1042
[25-Nov-2022 01:37:16 UTC] PHP Fatal error:  Uncaught mysqli_sql_exception: Table 'frcontroller.contas' doesn't exist in C:\inetpub\wwwroot\novofrcontroller\processamento\class_Processamento.php:1042
Stack trace:
#0 C:\inetpub\wwwroot\novofrcontroller\processamento\class_Processamento.php(1042): mysqli_query(Object(mysqli), 'SELECT contapag...')
#1 C:\inetpub\wwwroot\novofrcontroller\views\listas\tabelaContasPagar.php(7): Financeiro::listarPagar('2')
#2 {main}
  thrown in C:\inetpub\wwwroot\novofrcontroller\processamento\class_Processamento.php on line 1042
[25-Nov-2022 01:37:19 UTC] PHP Fatal error:  Uncaught mysqli_sql_exception: Table 'frcontroller.contas' doesn't exist in C:\inetpub\wwwroot\novofrcontroller\processamento\class_Processamento.php:1042
Stack trace:
#0 C:\inetpub\wwwroot\novofrcontroller\processamento\class_Processamento.php(1042): mysqli_query(Object(mysqli), 'SELECT contapag...')
#1 C:\inetpub\wwwroot\novofrcontroller\views\listas\tabelaContasPagar.php(7): Financeiro::listarPagar('2')
#2 {main}
  thrown in C:\inetpub\wwwroot\novofrcontroller\processamento\class_Processamento.php on line 1042
[25-Nov-2022 01:37:22 UTC] PHP Fatal error:  Uncaught mysqli_sql_exception: Table 'frcontroller.contas' doesn't exist in C:\inetpub\wwwroot\novofrcontroller\processamento\class_Processamento.php:1042
Stack trace:
#0 C:\inetpub\wwwroot\novofrcontroller\processamento\class_Processamento.php(1042): mysqli_query(Object(mysqli), 'SELECT contapag...')
#1 C:\inetpub\wwwroot\novofrcontroller\views\listas\tabelaContasPagar.php(7): Financeiro::listarPagar('2')
#2 {main}
  thrown in C:\inetpub\wwwroot\novofrcontroller\processamento\class_Processamento.php on line 1042
[25-Nov-2022 01:37:25 UTC] PHP Fatal error:  Uncaught mysqli_sql_exception: Table 'frcontroller.contas' doesn't exist in C:\inetpub\wwwroot\novofrcontroller\processamento\class_Processamento.php:1042
Stack trace:
#0 C:\inetpub\wwwroot\novofrcontroller\processamento\class_Processamento.php(1042): mysqli_query(Object(mysqli), 'SELECT contapag...')
#1 C:\inetpub\wwwroot\novofrcontroller\views\listas\tabelaContasPagar.php(7): Financeiro::listarPagar('2')
#2 {main}
  thrown in C:\inetpub\wwwroot\novofrcontroller\processamento\class_Processamento.php on line 1042
[25-Nov-2022 01:37:28 UTC] PHP Fatal error:  Uncaught mysqli_sql_exception: Table 'frcontroller.contas' doesn't exist in C:\inetpub\wwwroot\novofrcontroller\processamento\class_Processamento.php:1042
Stack trace:
#0 C:\inetpub\wwwroot\novofrcontroller\processamento\class_Processamento.php(1042): mysqli_query(Object(mysqli), 'SELECT contapag...')
#1 C:\inetpub\wwwroot\novofrcontroller\views\listas\tabelaContasPagar.php(7): Financeiro::listarPagar('2')
#2 {main}
  thrown in C:\inetpub\wwwroot\novofrcontroller\processamento\class_Processamento.php on line 1042
[25-Nov-2022 01:37:31 UTC] PHP Fatal error:  Uncaught mysqli_sql_exception: Table 'frcontroller.contas' doesn't exist in C:\inetpub\wwwroot\novofrcontroller\processamento\class_Processamento.php:1042
Stack trace:
#0 C:\inetpub\wwwroot\novofrcontroller\processamento\class_Processamento.php(1042): mysqli_query(Object(mysqli), 'SELECT contapag...')
#1 C:\inetpub\wwwroot\novofrcontroller\views\listas\tabelaContasPagar.php(7): Financeiro::listarPagar('2')
#2 {main}
  thrown in C:\inetpub\wwwroot\novofrcontroller\processamento\class_Processamento.php on line 1042
[25-Nov-2022 01:37:34 UTC] PHP Fatal error:  Uncaught mysqli_sql_exception: Table 'frcontroller.contas' doesn't exist in C:\inetpub\wwwroot\novofrcontroller\processamento\class_Processamento.php:1042
Stack trace:
#0 C:\inetpub\wwwroot\novofrcontroller\processamento\class_Processamento.php(1042): mysqli_query(Object(mysqli), 'SELECT contapag...')
#1 C:\inetpub\wwwroot\novofrcontroller\views\listas\tabelaContasPagar.php(7): Financeiro::listarPagar('2')
#2 {main}
  thrown in C:\inetpub\wwwroot\novofrcontroller\processamento\class_Processamento.php on line 1042
[25-Nov-2022 01:37:37 UTC] PHP Fatal error:  Uncaught mysqli_sql_exception: Table 'frcontroller.contas' doesn't exist in C:\inetpub\wwwroot\novofrcontroller\processamento\class_Processamento.php:1042
Stack trace:
#0 C:\inetpub\wwwroot\novofrcontroller\processamento\class_Processamento.php(1042): mysqli_query(Object(mysqli), 'SELECT contapag...')
#1 C:\inetpub\wwwroot\novofrcontroller\views\listas\tabelaContasPagar.php(7): Financeiro::listarPagar('2')
#2 {main}
  thrown in C:\inetpub\wwwroot\novofrcontroller\processamento\class_Processamento.php on line 1042
[25-Nov-2022 01:37:40 UTC] PHP Fatal error:  Uncaught mysqli_sql_exception: Table 'frcontroller.contas' doesn't exist in C:\inetpub\wwwroot\novofrcontroller\processamento\class_Processamento.php:1042
Stack trace:
#0 C:\inetpub\wwwroot\novofrcontroller\processamento\class_Processamento.php(1042): mysqli_query(Object(mysqli), 'SELECT contapag...')
#1 C:\inetpub\wwwroot\novofrcontroller\views\listas\tabelaContasPagar.php(7): Financeiro::listarPagar('2')
#2 {main}
  thrown in C:\inetpub\wwwroot\novofrcontroller\processamento\class_Processamento.php on line 1042
[25-Nov-2022 01:37:43 UTC] PHP Fatal error:  Uncaught mysqli_sql_exception: Table 'frcontroller.contas' doesn't exist in C:\inetpub\wwwroot\novofrcontroller\processamento\class_Processamento.php:1042
Stack trace:
#0 C:\inetpub\wwwroot\novofrcontroller\processamento\class_Processamento.php(1042): mysqli_query(Object(mysqli), 'SELECT contapag...')
#1 C:\inetpub\wwwroot\novofrcontroller\views\listas\tabelaContasPagar.php(7): Financeiro::listarPagar('2')
#2 {main}
  thrown in C:\inetpub\wwwroot\novofrcontroller\processamento\class_Processamento.php on line 1042
[25-Nov-2022 01:37:46 UTC] PHP Fatal error:  Uncaught mysqli_sql_exception: Table 'frcontroller.contas' doesn't exist in C:\inetpub\wwwroot\novofrcontroller\processamento\class_Processamento.php:1042
Stack trace:
#0 C:\inetpub\wwwroot\novofrcontroller\processamento\class_Processamento.php(1042): mysqli_query(Object(mysqli), 'SELECT contapag...')
#1 C:\inetpub\wwwroot\novofrcontroller\views\listas\tabelaContasPagar.php(7): Financeiro::listarPagar('2')
#2 {main}
  thrown in C:\inetpub\wwwroot\novofrcontroller\processamento\class_Processamento.php on line 1042
[25-Nov-2022 01:37:49 UTC] PHP Fatal error:  Uncaught mysqli_sql_exception: Table 'frcontroller.contas' doesn't exist in C:\inetpub\wwwroot\novofrcontroller\processamento\class_Processamento.php:1042
Stack trace:
#0 C:\inetpub\wwwroot\novofrcontroller\processamento\class_Processamento.php(1042): mysqli_query(Object(mysqli), 'SELECT contapag...')
#1 C:\inetpub\wwwroot\novofrcontroller\views\listas\tabelaContasPagar.php(7): Financeiro::listarPagar('2')
#2 {main}
  thrown in C:\inetpub\wwwroot\novofrcontroller\processamento\class_Processamento.php on line 1042
[25-Nov-2022 01:37:52 UTC] PHP Fatal error:  Uncaught mysqli_sql_exception: Table 'frcontroller.contas' doesn't exist in C:\inetpub\wwwroot\novofrcontroller\processamento\class_Processamento.php:1042
Stack trace:
#0 C:\inetpub\wwwroot\novofrcontroller\processamento\class_Processamento.php(1042): mysqli_query(Object(mysqli), 'SELECT contapag...')
#1 C:\inetpub\wwwroot\novofrcontroller\views\listas\tabelaContasPagar.php(7): Financeiro::listarPagar('2')
#2 {main}
  thrown in C:\inetpub\wwwroot\novofrcontroller\processamento\class_Processamento.php on line 1042
[25-Nov-2022 01:37:55 UTC] PHP Fatal error:  Uncaught mysqli_sql_exception: Table 'frcontroller.contas' doesn't exist in C:\inetpub\wwwroot\novofrcontroller\processamento\class_Processamento.php:1042
Stack trace:
#0 C:\inetpub\wwwroot\novofrcontroller\processamento\class_Processamento.php(1042): mysqli_query(Object(mysqli), 'SELECT contapag...')
#1 C:\inetpub\wwwroot\novofrcontroller\views\listas\tabelaContasPagar.php(7): Financeiro::listarPagar('2')
#2 {main}
  thrown in C:\inetpub\wwwroot\novofrcontroller\processamento\class_Processamento.php on line 1042
[25-Nov-2022 01:37:58 UTC] PHP Fatal error:  Uncaught mysqli_sql_exception: Table 'frcontroller.contas' doesn't exist in C:\inetpub\wwwroot\novofrcontroller\processamento\class_Processamento.php:1042
Stack trace:
#0 C:\inetpub\wwwroot\novofrcontroller\processamento\class_Processamento.php(1042): mysqli_query(Object(mysqli), 'SELECT contapag...')
#1 C:\inetpub\wwwroot\novofrcontroller\views\listas\tabelaContasPagar.php(7): Financeiro::listarPagar('2')
#2 {main}
  thrown in C:\inetpub\wwwroot\novofrcontroller\processamento\class_Processamento.php on line 1042
[25-Nov-2022 01:38:01 UTC] PHP Fatal error:  Uncaught mysqli_sql_exception: Table 'frcontroller.contas' doesn't exist in C:\inetpub\wwwroot\novofrcontroller\processamento\class_Processamento.php:1042
Stack trace:
#0 C:\inetpub\wwwroot\novofrcontroller\processamento\class_Processamento.php(1042): mysqli_query(Object(mysqli), 'SELECT contapag...')
#1 C:\inetpub\wwwroot\novofrcontroller\views\listas\tabelaContasPagar.php(7): Financeiro::listarPagar('2')
#2 {main}
  thrown in C:\inetpub\wwwroot\novofrcontroller\processamento\class_Processamento.php on line 1042
[25-Nov-2022 01:38:04 UTC] PHP Fatal error:  Uncaught mysqli_sql_exception: Table 'frcontroller.contas' doesn't exist in C:\inetpub\wwwroot\novofrcontroller\processamento\class_Processamento.php:1042
Stack trace:
#0 C:\inetpub\wwwroot\novofrcontroller\processamento\class_Processamento.php(1042): mysqli_query(Object(mysqli), 'SELECT contapag...')
#1 C:\inetpub\wwwroot\novofrcontroller\views\listas\tabelaContasPagar.php(7): Financeiro::listarPagar('2')
#2 {main}
  thrown in C:\inetpub\wwwroot\novofrcontroller\processamento\class_Processamento.php on line 1042
[25-Nov-2022 01:38:07 UTC] PHP Fatal error:  Uncaught mysqli_sql_exception: Table 'frcontroller.contas' doesn't exist in C:\inetpub\wwwroot\novofrcontroller\processamento\class_Processamento.php:1042
Stack trace:
#0 C:\inetpub\wwwroot\novofrcontroller\processamento\class_Processamento.php(1042): mysqli_query(Object(mysqli), 'SELECT contapag...')
#1 C:\inetpub\wwwroot\novofrcontroller\views\listas\tabelaContasPagar.php(7): Financeiro::listarPagar('2')
#2 {main}
  thrown in C:\inetpub\wwwroot\novofrcontroller\processamento\class_Processamento.php on line 1042
[25-Nov-2022 01:38:10 UTC] PHP Fatal error:  Uncaught mysqli_sql_exception: Table 'frcontroller.contas' doesn't exist in C:\inetpub\wwwroot\novofrcontroller\processamento\class_Processamento.php:1042
Stack trace:
#0 C:\inetpub\wwwroot\novofrcontroller\processamento\class_Processamento.php(1042): mysqli_query(Object(mysqli), 'SELECT contapag...')
#1 C:\inetpub\wwwroot\novofrcontroller\views\listas\tabelaContasPagar.php(7): Financeiro::listarPagar('2')
#2 {main}
  thrown in C:\inetpub\wwwroot\novofrcontroller\processamento\class_Processamento.php on line 1042
[25-Nov-2022 01:38:13 UTC] PHP Fatal error:  Uncaught mysqli_sql_exception: Table 'frcontroller.contas' doesn't exist in C:\inetpub\wwwroot\novofrcontroller\processamento\class_Processamento.php:1042
Stack trace:
#0 C:\inetpub\wwwroot\novofrcontroller\processamento\class_Processamento.php(1042): mysqli_query(Object(mysqli), 'SELECT contapag...')
#1 C:\inetpub\wwwroot\novofrcontroller\views\listas\tabelaContasPagar.php(7): Financeiro::listarPagar('2')
#2 {main}
  thrown in C:\inetpub\wwwroot\novofrcontroller\processamento\class_Processamento.php on line 1042
[25-Nov-2022 01:38:16 UTC] PHP Fatal error:  Uncaught mysqli_sql_exception: Table 'frcontroller.contas' doesn't exist in C:\inetpub\wwwroot\novofrcontroller\processamento\class_Processamento.php:1042
Stack trace:
#0 C:\inetpub\wwwroot\novofrcontroller\processamento\class_Processamento.php(1042): mysqli_query(Object(mysqli), 'SELECT contapag...')
#1 C:\inetpub\wwwroot\novofrcontroller\views\listas\tabelaContasPagar.php(7): Financeiro::listarPagar('2')
#2 {main}
  thrown in C:\inetpub\wwwroot\novofrcontroller\processamento\class_Processamento.php on line 1042
[25-Nov-2022 01:38:19 UTC] PHP Fatal error:  Uncaught mysqli_sql_exception: Table 'frcontroller.contas' doesn't exist in C:\inetpub\wwwroot\novofrcontroller\processamento\class_Processamento.php:1042
Stack trace:
#0 C:\inetpub\wwwroot\novofrcontroller\processamento\class_Processamento.php(1042): mysqli_query(Object(mysqli), 'SELECT contapag...')
#1 C:\inetpub\wwwroot\novofrcontroller\views\listas\tabelaContasPagar.php(7): Financeiro::listarPagar('2')
#2 {main}
  thrown in C:\inetpub\wwwroot\novofrcontroller\processamento\class_Processamento.php on line 1042
[25-Nov-2022 01:38:22 UTC] PHP Fatal error:  Uncaught mysqli_sql_exception: Table 'frcontroller.contas' doesn't exist in C:\inetpub\wwwroot\novofrcontroller\processamento\class_Processamento.php:1042
Stack trace:
#0 C:\inetpub\wwwroot\novofrcontroller\processamento\class_Processamento.php(1042): mysqli_query(Object(mysqli), 'SELECT contapag...')
#1 C:\inetpub\wwwroot\novofrcontroller\views\listas\tabelaContasPagar.php(7): Financeiro::listarPagar('2')
#2 {main}
  thrown in C:\inetpub\wwwroot\novofrcontroller\processamento\class_Processamento.php on line 1042
[25-Nov-2022 01:38:25 UTC] PHP Fatal error:  Uncaught mysqli_sql_exception: Table 'frcontroller.contas' doesn't exist in C:\inetpub\wwwroot\novofrcontroller\processamento\class_Processamento.php:1042
Stack trace:
#0 C:\inetpub\wwwroot\novofrcontroller\processamento\class_Processamento.php(1042): mysqli_query(Object(mysqli), 'SELECT contapag...')
#1 C:\inetpub\wwwroot\novofrcontroller\views\listas\tabelaContasPagar.php(7): Financeiro::listarPagar('2')
#2 {main}
  thrown in C:\inetpub\wwwroot\novofrcontroller\processamento\class_Processamento.php on line 1042
[25-Nov-2022 01:38:28 UTC] PHP Fatal error:  Uncaught mysqli_sql_exception: Table 'frcontroller.contas' doesn't exist in C:\inetpub\wwwroot\novofrcontroller\processamento\class_Processamento.php:1042
Stack trace:
#0 C:\inetpub\wwwroot\novofrcontroller\processamento\class_Processamento.php(1042): mysqli_query(Object(mysqli), 'SELECT contapag...')
#1 C:\inetpub\wwwroot\novofrcontroller\views\listas\tabelaContasPagar.php(7): Financeiro::listarPagar('2')
#2 {main}
  thrown in C:\inetpub\wwwroot\novofrcontroller\processamento\class_Processamento.php on line 1042
[25-Nov-2022 01:38:31 UTC] PHP Fatal error:  Uncaught mysqli_sql_exception: Table 'frcontroller.contas' doesn't exist in C:\inetpub\wwwroot\novofrcontroller\processamento\class_Processamento.php:1042
Stack trace:
#0 C:\inetpub\wwwroot\novofrcontroller\processamento\class_Processamento.php(1042): mysqli_query(Object(mysqli), 'SELECT contapag...')
#1 C:\inetpub\wwwroot\novofrcontroller\views\listas\tabelaContasPagar.php(7): Financeiro::listarPagar('2')
#2 {main}
  thrown in C:\inetpub\wwwroot\novofrcontroller\processamento\class_Processamento.php on line 1042
[25-Nov-2022 01:38:34 UTC] PHP Fatal error:  Uncaught mysqli_sql_exception: Table 'frcontroller.contas' doesn't exist in C:\inetpub\wwwroot\novofrcontroller\processamento\class_Processamento.php:1042
Stack trace:
#0 C:\inetpub\wwwroot\novofrcontroller\processamento\class_Processamento.php(1042): mysqli_query(Object(mysqli), 'SELECT contapag...')
#1 C:\inetpub\wwwroot\novofrcontroller\views\listas\tabelaContasPagar.php(7): Financeiro::listarPagar('2')
#2 {main}
  thrown in C:\inetpub\wwwroot\novofrcontroller\processamento\class_Processamento.php on line 1042
[25-Nov-2022 01:38:37 UTC] PHP Fatal error:  Uncaught mysqli_sql_exception: Table 'frcontroller.contas' doesn't exist in C:\inetpub\wwwroot\novofrcontroller\processamento\class_Processamento.php:1042
Stack trace:
#0 C:\inetpub\wwwroot\novofrcontroller\processamento\class_Processamento.php(1042): mysqli_query(Object(mysqli), 'SELECT contapag...')
#1 C:\inetpub\wwwroot\novofrcontroller\views\listas\tabelaContasPagar.php(7): Financeiro::listarPagar('2')
#2 {main}
  thrown in C:\inetpub\wwwroot\novofrcontroller\processamento\class_Processamento.php on line 1042
[25-Nov-2022 01:38:40 UTC] PHP Fatal error:  Uncaught mysqli_sql_exception: Table 'frcontroller.contas' doesn't exist in C:\inetpub\wwwroot\novofrcontroller\processamento\class_Processamento.php:1042
Stack trace:
#0 C:\inetpub\wwwroot\novofrcontroller\processamento\class_Processamento.php(1042): mysqli_query(Object(mysqli), 'SELECT contapag...')
#1 C:\inetpub\wwwroot\novofrcontroller\views\listas\tabelaContasPagar.php(7): Financeiro::listarPagar('2')
#2 {main}
  thrown in C:\inetpub\wwwroot\novofrcontroller\processamento\class_Processamento.php on line 1042
[25-Nov-2022 01:38:43 UTC] PHP Fatal error:  Uncaught mysqli_sql_exception: Table 'frcontroller.contas' doesn't exist in C:\inetpub\wwwroot\novofrcontroller\processamento\class_Processamento.php:1042
Stack trace:
#0 C:\inetpub\wwwroot\novofrcontroller\processamento\class_Processamento.php(1042): mysqli_query(Object(mysqli), 'SELECT contapag...')
#1 C:\inetpub\wwwroot\novofrcontroller\views\listas\tabelaContasPagar.php(7): Financeiro::listarPagar('2')
#2 {main}
  thrown in C:\inetpub\wwwroot\novofrcontroller\processamento\class_Processamento.php on line 1042
[25-Nov-2022 01:38:46 UTC] PHP Fatal error:  Uncaught mysqli_sql_exception: Table 'frcontroller.contas' doesn't exist in C:\inetpub\wwwroot\novofrcontroller\processamento\class_Processamento.php:1042
Stack trace:
#0 C:\inetpub\wwwroot\novofrcontroller\processamento\class_Processamento.php(1042): mysqli_query(Object(mysqli), 'SELECT contapag...')
#1 C:\inetpub\wwwroot\novofrcontroller\views\listas\tabelaContasPagar.php(7): Financeiro::listarPagar('2')
#2 {main}
  thrown in C:\inetpub\wwwroot\novofrcontroller\processamento\class_Processamento.php on line 1042
[25-Nov-2022 01:38:49 UTC] PHP Fatal error:  Uncaught mysqli_sql_exception: Table 'frcontroller.contas' doesn't exist in C:\inetpub\wwwroot\novofrcontroller\processamento\class_Processamento.php:1042
Stack trace:
#0 C:\inetpub\wwwroot\novofrcontroller\processamento\class_Processamento.php(1042): mysqli_query(Object(mysqli), 'SELECT contapag...')
#1 C:\inetpub\wwwroot\novofrcontroller\views\listas\tabelaContasPagar.php(7): Financeiro::listarPagar('2')
#2 {main}
  thrown in C:\inetpub\wwwroot\novofrcontroller\processamento\class_Processamento.php on line 1042
[25-Nov-2022 01:38:52 UTC] PHP Fatal error:  Uncaught mysqli_sql_exception: Table 'frcontroller.contas' doesn't exist in C:\inetpub\wwwroot\novofrcontroller\processamento\class_Processamento.php:1042
Stack trace:
#0 C:\inetpub\wwwroot\novofrcontroller\processamento\class_Processamento.php(1042): mysqli_query(Object(mysqli), 'SELECT contapag...')
#1 C:\inetpub\wwwroot\novofrcontroller\views\listas\tabelaContasPagar.php(7): Financeiro::listarPagar('2')
#2 {main}
  thrown in C:\inetpub\wwwroot\novofrcontroller\processamento\class_Processamento.php on line 1042
[25-Nov-2022 01:38:55 UTC] PHP Fatal error:  Uncaught mysqli_sql_exception: Table 'frcontroller.contas' doesn't exist in C:\inetpub\wwwroot\novofrcontroller\processamento\class_Processamento.php:1042
Stack trace:
#0 C:\inetpub\wwwroot\novofrcontroller\processamento\class_Processamento.php(1042): mysqli_query(Object(mysqli), 'SELECT contapag...')
#1 C:\inetpub\wwwroot\novofrcontroller\views\listas\tabelaContasPagar.php(7): Financeiro::listarPagar('2')
#2 {main}
  thrown in C:\inetpub\wwwroot\novofrcontroller\processamento\class_Processamento.php on line 1042
[25-Nov-2022 01:38:58 UTC] PHP Fatal error:  Uncaught mysqli_sql_exception: Table 'frcontroller.contas' doesn't exist in C:\inetpub\wwwroot\novofrcontroller\processamento\class_Processamento.php:1042
Stack trace:
#0 C:\inetpub\wwwroot\novofrcontroller\processamento\class_Processamento.php(1042): mysqli_query(Object(mysqli), 'SELECT contapag...')
#1 C:\inetpub\wwwroot\novofrcontroller\views\listas\tabelaContasPagar.php(7): Financeiro::listarPagar('2')
#2 {main}
  thrown in C:\inetpub\wwwroot\novofrcontroller\processamento\class_Processamento.php on line 1042
[25-Nov-2022 01:39:01 UTC] PHP Fatal error:  Uncaught mysqli_sql_exception: Table 'frcontroller.contas' doesn't exist in C:\inetpub\wwwroot\novofrcontroller\processamento\class_Processamento.php:1042
Stack trace:
#0 C:\inetpub\wwwroot\novofrcontroller\processamento\class_Processamento.php(1042): mysqli_query(Object(mysqli), 'SELECT contapag...')
#1 C:\inetpub\wwwroot\novofrcontroller\views\listas\tabelaContasPagar.php(7): Financeiro::listarPagar('2')
#2 {main}
  thrown in C:\inetpub\wwwroot\novofrcontroller\processamento\class_Processamento.php on line 1042
[25-Nov-2022 01:39:04 UTC] PHP Fatal error:  Uncaught mysqli_sql_exception: Table 'frcontroller.contas' doesn't exist in C:\inetpub\wwwroot\novofrcontroller\processamento\class_Processamento.php:1042
Stack trace:
#0 C:\inetpub\wwwroot\novofrcontroller\processamento\class_Processamento.php(1042): mysqli_query(Object(mysqli), 'SELECT contapag...')
#1 C:\inetpub\wwwroot\novofrcontroller\views\listas\tabelaContasPagar.php(7): Financeiro::listarPagar('2')
#2 {main}
  thrown in C:\inetpub\wwwroot\novofrcontroller\processamento\class_Processamento.php on line 1042
[25-Nov-2022 01:39:07 UTC] PHP Fatal error:  Uncaught mysqli_sql_exception: Table 'frcontroller.contas' doesn't exist in C:\inetpub\wwwroot\novofrcontroller\processamento\class_Processamento.php:1042
Stack trace:
#0 C:\inetpub\wwwroot\novofrcontroller\processamento\class_Processamento.php(1042): mysqli_query(Object(mysqli), 'SELECT contapag...')
#1 C:\inetpub\wwwroot\novofrcontroller\views\listas\tabelaContasPagar.php(7): Financeiro::listarPagar('2')
#2 {main}
  thrown in C:\inetpub\wwwroot\novofrcontroller\processamento\class_Processamento.php on line 1042
[25-Nov-2022 01:39:10 UTC] PHP Fatal error:  Uncaught mysqli_sql_exception: Table 'frcontroller.contas' doesn't exist in C:\inetpub\wwwroot\novofrcontroller\processamento\class_Processamento.php:1042
Stack trace:
#0 C:\inetpub\wwwroot\novofrcontroller\processamento\class_Processamento.php(1042): mysqli_query(Object(mysqli), 'SELECT contapag...')
#1 C:\inetpub\wwwroot\novofrcontroller\views\listas\tabelaContasPagar.php(7): Financeiro::listarPagar('2')
#2 {main}
  thrown in C:\inetpub\wwwroot\novofrcontroller\processamento\class_Processamento.php on line 1042
[25-Nov-2022 01:39:13 UTC] PHP Fatal error:  Uncaught mysqli_sql_exception: Table 'frcontroller.contas' doesn't exist in C:\inetpub\wwwroot\novofrcontroller\processamento\class_Processamento.php:1042
Stack trace:
#0 C:\inetpub\wwwroot\novofrcontroller\processamento\class_Processamento.php(1042): mysqli_query(Object(mysqli), 'SELECT contapag...')
#1 C:\inetpub\wwwroot\novofrcontroller\views\listas\tabelaContasPagar.php(7): Financeiro::listarPagar('2')
#2 {main}
  thrown in C:\inetpub\wwwroot\novofrcontroller\processamento\class_Processamento.php on line 1042
[25-Nov-2022 01:39:16 UTC] PHP Fatal error:  Uncaught mysqli_sql_exception: Table 'frcontroller.contas' doesn't exist in C:\inetpub\wwwroot\novofrcontroller\processamento\class_Processamento.php:1042
Stack trace:
#0 C:\inetpub\wwwroot\novofrcontroller\processamento\class_Processamento.php(1042): mysqli_query(Object(mysqli), 'SELECT contapag...')
#1 C:\inetpub\wwwroot\novofrcontroller\views\listas\tabelaContasPagar.php(7): Financeiro::listarPagar('2')
#2 {main}
  thrown in C:\inetpub\wwwroot\novofrcontroller\processamento\class_Processamento.php on line 1042
[02-Jan-2023 15:11:38 UTC] PHP Notice:  session_start(): ps_files_cleanup_dir: opendir(C:\Windows\TEMP) failed: No such file or directory (2) in C:\inetpub\wwwroot\FR-Controller\processamento\class_Processamento.php on line 4
